<?xml version="1.0" encoding="UTF-8"?>
<testng-results ignored="0" total="1" passed="1" failed="0" skipped="0">
  <reporter-output>
  </reporter-output>
  <suite started-at="2025-01-25T17:43:03 IST" name="Default suite" finished-at="2025-01-25T17:43:07 IST" duration-ms="3303">
    <groups>
    </groups>
    <test started-at="2025-01-25T17:43:03 IST" name="Default test" finished-at="2025-01-25T17:43:07 IST" duration-ms="3303">
      <class name="Demosite.TestDemo">
        <test-method is-config="true" signature="beforeMethodforDemoEver()[pri:0, instance:Demosite.TestDemo@6fa51cd4]" started-at="2025-01-25T17:43:03 IST" name="beforeMethodforDemoEver" finished-at="2025-01-25T17:43:05 IST" duration-ms="1561" status="PASS">
          <reporter-output>
          </reporter-output>
        </test-method> <!-- beforeMethodforDemoEver -->
        <test-method signature="CallingMethods()[pri:0, instance:Demosite.TestDemo@6fa51cd4]" started-at="2025-01-25T17:43:05 IST" name="CallingMethods" finished-at="2025-01-25T17:43:07 IST" duration-ms="1683" status="PASS">
          <reporter-output>
          </reporter-output>
        </test-method> <!-- CallingMethods -->
      </class> <!-- Demosite.TestDemo -->
    </test> <!-- Default test -->
  </suite> <!-- Default suite -->
</testng-results>
